<?xml version="1.0" encoding="UTF-8"?>
<testng-results skipped="0" failed="0" ignored="0" total="1" passed="1">
  <reporter-output>
  </reporter-output>
  <suite name="iNetBankingV1" duration-ms="24657" started-at="2022-03-15T17:24:42 IST" finished-at="2022-03-15T17:25:06 IST">
    <groups>
    </groups>
    <test name="BankingApp Test" duration-ms="24657" started-at="2022-03-15T17:24:42 IST" finished-at="2022-03-15T17:25:06 IST">
      <class name="com.iNetBanking.testCases.TC_LoginTest_001">
        <test-method status="PASS" signature="setup(java.lang.String)[pri:0, instance:com.iNetBanking.testCases.TC_LoginTest_001@27808f31]" name="setup" is-config="true" duration-ms="15114" started-at="2022-03-15T17:24:42 IST" finished-at="2022-03-15T17:24:57 IST">
          <params>
            <param index="0">
              <value>
                <![CDATA[chrome]]>
              </value>
            </param>
          </params>
          <reporter-output>
          </reporter-output>
        </test-method> <!-- setup -->
        <test-method status="PASS" signature="loginTest()[pri:0, instance:com.iNetBanking.testCases.TC_LoginTest_001@27808f31]" name="loginTest" duration-ms="8693" started-at="2022-03-15T17:24:57 IST" finished-at="2022-03-15T17:25:06 IST">
          <reporter-output>
          </reporter-output>
        </test-method> <!-- loginTest -->
        <test-method status="PASS" signature="tearDown()[pri:0, instance:com.iNetBanking.testCases.TC_LoginTest_001@27808f31]" name="tearDown" is-config="true" duration-ms="604" started-at="2022-03-15T17:25:06 IST" finished-at="2022-03-15T17:25:06 IST">
          <reporter-output>
          </reporter-output>
        </test-method> <!-- tearDown -->
      </class> <!-- com.iNetBanking.testCases.TC_LoginTest_001 -->
    </test> <!-- BankingApp Test -->
  </suite> <!-- iNetBankingV1 -->
</testng-results>
